<?xml version="1.0" encoding="UTF-8"?>
<!-- Generated by org.testng.reporters.JUnitXMLReporter -->
<testsuite ignored="0" hostname="LAPTOP-HIKG7N16" failures="2" tests="11" name="Test" time="1.829" errors="0" timestamp="2024-02-28T10:27:58 ICT">
  <testcase classname="com.api.auto.testcase.TC_API_CreateWork" name="@BeforeClass init" time="0.004">
    <failure type="java.lang.IllegalArgumentException" message="Header value cannot be null">
      <![CDATA[java.lang.IllegalArgumentException: Header value cannot be null
at org.codehaus.groovy.runtime.callsite.ConstructorSite$ConstructorSiteNoUnwrap.callConstructor(ConstructorSite.java:84)
at org.codehaus.groovy.runtime.callsite.CallSiteArray.defaultCallConstructor(CallSiteArray.java:59)
at org.codehaus.groovy.runtime.callsite.AbstractCallSite.callConstructor(AbstractCallSite.java:263)
at org.codehaus.groovy.runtime.callsite.AbstractCallSite.callConstructor(AbstractCallSite.java:277)
at io.restassured.internal.common.assertion.AssertParameter.notNull(AssertParameter.groovy:26)
at io.restassured.internal.common.assertion.AssertParameter$notNull.callStatic(Unknown Source)
at org.codehaus.groovy.runtime.callsite.CallSiteArray.defaultCallStatic(CallSiteArray.java:55)
at io.restassured.internal.common.assertion.AssertParameter$notNull.callStatic(Unknown Source)
at io.restassured.internal.RequestSpecificationImpl.header(RequestSpecificationImpl.groovy:845)
at com.api.auto.testcase.TC_API_CreateWork.init(TC_API_CreateWork.java:46)
at java.base/java.util.ArrayList.forEach(ArrayList.java:1511)
... Removed 32 stack frames]]>
    </failure>
  </testcase> <!-- @BeforeClass init -->
  <testcase classname="com.api.auto.testcase.TC_API_Login" name="TC01_Validate200Ok" time="0.007"/>
  <testcase classname="com.api.auto.testcase.TC_API_Login" name="TC02_ValidateMessage" time="0.319"/>
  <testcase classname="com.api.auto.testcase.TC_API_Login" name="TC03_ValidateToken" time="0.007">
    <failure type="java.lang.AssertionError" message="expected [Token Check Failed!] but found [eyJhbGciOiJIUzI1NiIsInR5cCI6IkpXVCJ9.eyJhY2NvdW50IjoidGVzdGVyRnVuaXgiLCJ0eXBlIjoiVU5HVklFTiIsImlkIjoyLCJlbWFpbCI6InRlc3RlckZ1bml4QGdtYWlsLmNvbSIsIm5hbWUiOiJ0ZXN0ZXJGdW5peCIsImlhdCI6MTcwOTA5MDg3OCwiZXhwIjoxNzA5MDk4MDc4fQ.4rR1bqt6Eau1-ieCtO47GaXky7xNdv4-XhwBff79o5E]">
      <![CDATA[java.lang.AssertionError: expected [Token Check Failed!] but found [eyJhbGciOiJIUzI1NiIsInR5cCI6IkpXVCJ9.eyJhY2NvdW50IjoidGVzdGVyRnVuaXgiLCJ0eXBlIjoiVU5HVklFTiIsImlkIjoyLCJlbWFpbCI6InRlc3RlckZ1bml4QGdtYWlsLmNvbSIsIm5hbWUiOiJ0ZXN0ZXJGdW5peCIsImlhdCI6MTcwOTA5MDg3OCwiZXhwIjoxNzA5MDk4MDc4fQ.4rR1bqt6Eau1-ieCtO47GaXky7xNdv4-XhwBff79o5E]
at com.api.auto.testcase.TC_API_Login.TC03_ValidateToken(TC_API_Login.java:59)
at java.base/java.util.ArrayList.forEach(ArrayList.java:1511)
... Removed 33 stack frames]]>
    </failure>
  </testcase> <!-- TC03_ValidateToken -->
  <testcase classname="com.api.auto.testcase.TC_API_Login" name="TC09_ValidateUserType" time="0.009">
    <failure type="java.lang.AssertionError" message="expected [User Type not match!] but found [true]">
      <![CDATA[java.lang.AssertionError: expected [User Type not match!] but found [true]
at com.api.auto.testcase.TC_API_Login.TC09_ValidateUserType(TC_API_Login.java:78)
at java.base/java.util.ArrayList.forEach(ArrayList.java:1511)
... Removed 32 stack frames]]>
    </failure>
  </testcase> <!-- TC09_ValidateUserType -->
  <testcase classname="com.api.auto.testcase.TC_API_Login" name="TC07_ValidateUserAccount" time="0.008"/>
  <testcase classname="com.api.auto.testcase.TC_API_Login" name="TC08_ValidateUserPassword" time="0.008"/>
  <testcase classname="com.api.auto.testcase.TC_API_CreateWork" name="TC01_Validate201Created" time="0.0">
    <skipped/>
  </testcase> <!-- TC01_Validate201Created -->
  <testcase classname="com.api.auto.testcase.TC_API_CreateWork" name="TC02_ValidateWorkId" time="0.0">
    <skipped/>
  </testcase> <!-- TC02_ValidateWorkId -->
  <testcase classname="com.api.auto.testcase.TC_API_CreateWork" name="TC03_ValidateNameOfWorkMatched" time="0.0">
    <skipped/>
  </testcase> <!-- TC03_ValidateNameOfWorkMatched -->
  <testcase classname="com.api.auto.testcase.TC_API_CreateWork" name="TC04_ValidateExperienceMatched" time="0.0">
    <skipped/>
  </testcase> <!-- TC04_ValidateExperienceMatched -->
  <testcase classname="com.api.auto.testcase.TC_API_CreateWork" name="TC05_ValidateEducationMatched" time="0.0">
    <skipped/>
  </testcase> <!-- TC05_ValidateEducationMatched -->
</testsuite> <!-- Test -->
